1760016213657|0:0:0:0:0:0:0:1
1760016390134|0:0:0:0:0:0:0:1
1760016398587|0:0:0:0:0:0:0:1
1760016405532|0:0:0:0:0:0:0:1
1760016409205|0:0:0:0:0:0:0:1
1760017268611|0:0:0:0:0:0:0:1
1760022286669|0:0:0:0:0:0:0:1
1760115393933|0:0:0:0:0:0:0:1
1760115396055|0:0:0:0:0:0:0:1
1760115459411|0:0:0:0:0:0:0:1
1760115469733|0:0:0:0:0:0:0:1
1760115593644|0:0:0:0:0:0:0:1
1760115718663|0:0:0:0:0:0:0:1
1760115736255|0:0:0:0:0:0:0:1
1760115854821|0:0:0:0:0:0:0:1
1760126692029|0:0:0:0:0:0:0:1
1760127516969|0:0:0:0:0:0:0:1
1760198706161|0:0:0:0:0:0:0:1
1760373962896|0:0:0:0:0:0:0:1
1760375848991|0:0:0:0:0:0:0:1
1760470219373|0:0:0:0:0:0:0:1
1760470221279|0:0:0:0:0:0:0:1
1760471271514|0:0:0:0:0:0:0:1
1760473109074|0:0:0:0:0:0:0:1
1761041640351|0:0:0:0:0:0:0:1
1761041641938|0:0:0:0:0:0:0:1
1761041642908|0:0:0:0:0:0:0:1
1761041643389|0:0:0:0:0:0:0:1
1761041643819|0:0:0:0:0:0:0:1
1761061292680|0:0:0:0:0:0:0:1
1761062188421|0:0:0:0:0:0:0:1
1761062194398|0:0:0:0:0:0:0:1
1761062194997|0:0:0:0:0:0:0:1
1761062195478|0:0:0:0:0:0:0:1
1761062196011|0:0:0:0:0:0:0:1
